<?xml version="1.0" encoding="UTF-8"?>
<!-- Generated by org.testng.reporters.JUnitReportReporter -->
<testsuite hostname="LAPTOP-L3IGT96C" failures="0" tests="1" name="com.obsqura.tests.UpdatePaymentTest" time="22.013" errors="0" timestamp="2023-11-27T18:04:19 EST" skipped="0">
  <testcase classname="com.obsqura.tests.UpdatePaymentTest" name="UpdateCreditPayment" time="22.013"/>
</testsuite> <!-- com.obsqura.tests.UpdatePaymentTest -->
