<?xml version="1.0" encoding="UTF-8"?>
<!-- Generated by org.testng.reporters.JUnitReportReporter -->
<testsuite hostname="LAPTOP-L3IGT96C" failures="0" tests="1" name="com.obsqura.tests.SearchDeliveryBoyTest" time="15.433" errors="0" timestamp="2023-11-27T17:51:17 EST" skipped="0">
  <testcase classname="com.obsqura.tests.SearchDeliveryBoyTest" name="TestSearchDeliveryBoy" time="15.433"/>
</testsuite> <!-- com.obsqura.tests.SearchDeliveryBoyTest -->
