<?xml version="1.0" encoding="UTF-8"?>
<!-- Generated by org.testng.reporters.JUnitReportReporter -->
<testsuite hostname="PQA-0591LT" failures="0" tests="1" name="com.obsqura.utilities.GenerateRandomNumber" time="0.025" errors="0" timestamp="2023-10-05T23:20:12 EDT" skipped="0">
  <testcase classname="com.obsqura.utilities.GenerateRandomNumber" name="GetRandomNumber" time="0.025"/>
  <system-out/>
</testsuite> <!-- com.obsqura.utilities.GenerateRandomNumber -->
