<?xml version="1.0" encoding="UTF-8"?>
<!-- Generated by org.testng.reporters.JUnitReportReporter -->
<testsuite hostname="LAPTOP-L3IGT96C" failures="0" tests="1" name="com.obsqura.tests.LoginTest" time="2.096" errors="0" timestamp="2023-10-14T23:01:20 EDT" skipped="0">
  <testcase classname="com.obsqura.tests.LoginTest" name="MyLoginTest" time="2.096"/>
  <system-out/>
</testsuite> <!-- com.obsqura.tests.LoginTest -->
