<?xml version="1.0" encoding="UTF-8"?>
<!-- Generated by org.testng.reporters.JUnitReportReporter -->
<testsuite hostname="LAPTOP-L3IGT96C" failures="0" tests="1" name="com.obsqura.tests.UpdatePayment" time="13.995" errors="0" timestamp="2023-10-10T21:50:18 EDT" skipped="0">
  <testcase classname="com.obsqura.tests.UpdatePayment" name="UpdateCreditPayment" time="13.995"/>
  <system-out/>
</testsuite> <!-- com.obsqura.tests.UpdatePayment -->
