<?xml version="1.0" encoding="UTF-8"?>
<!-- Generated by org.testng.reporters.JUnitReportReporter -->
<testsuite hostname="LAPTOP-L3IGT96C" failures="0" tests="1" name="com.obsqura.tests.CreateNotificationAlertTest2" time="12.337" errors="0" timestamp="2023-11-26T17:54:24 EST" skipped="0">
  <testcase classname="com.obsqura.tests.CreateNotificationAlertTest2" name="PushNotification2" time="12.337"/>
</testsuite> <!-- com.obsqura.tests.CreateNotificationAlertTest2 -->
