<?xml version="1.0" encoding="UTF-8"?>
<!-- Generated by org.testng.reporters.JUnitReportReporter -->
<testsuite hostname="LAPTOP-L3IGT96C" failures="0" tests="1" name="com.obsqura.tests.CreateContact" time="17.825" errors="0" timestamp="2023-11-26T15:30:23 EST" skipped="0">
  <testcase classname="com.obsqura.tests.CreateContact" name="CreateContactTest" time="17.825"/>
</testsuite> <!-- com.obsqura.tests.CreateContact -->
