<?xml version="1.0" encoding="UTF-8"?>
<!-- Generated by org.testng.reporters.JUnitReportReporter -->
<testsuite hostname="LAPTOP-L3IGT96C" failures="0" tests="1" name="com.obsqura.tests.CreateDeleteExpenseTest" time="6.439" errors="0" timestamp="2023-10-16T22:14:02 EDT" skipped="0">
  <testcase classname="com.obsqura.tests.CreateDeleteExpenseTest" name="ManageExpenseTest" time="6.439"/>
  <system-out/>
</testsuite> <!-- com.obsqura.tests.CreateDeleteExpenseTest -->
