<?xml version="1.0" encoding="UTF-8"?>
<!-- Generated by org.testng.reporters.JUnitReportReporter -->
<testsuite hostname="LAPTOP-L3IGT96C" failures="0" tests="1" name="com.obsqura.tests.LoginTest1" time="4.379" errors="0" timestamp="2023-11-23T23:30:02 EST" skipped="0">
  <testcase classname="com.obsqura.tests.LoginTest1" name="verifyUserIsAbleToLoginWithCorrectUserNameAndPassword" time="4.379"/>
</testsuite> <!-- com.obsqura.tests.LoginTest1 -->
