<?xml version="1.0" encoding="UTF-8"?>
<!-- Generated by org.testng.reporters.JUnitReportReporter -->
<testsuite hostname="LAPTOP-L3IGT96C" failures="0" tests="1" name="com.obsqura.tests.LoginTest" time="7.126" errors="0" timestamp="2023-10-27T23:14:10 EDT" skipped="0">
  <testcase classname="com.obsqura.tests.LoginTest" name="MyLoginTest" time="7.126"/>
</testsuite> <!-- com.obsqura.tests.LoginTest -->
