<?xml version="1.0" encoding="UTF-8"?>
<!-- Generated by org.testng.reporters.JUnitReportReporter -->
<testsuite hostname="LAPTOP-L3IGT96C" failures="0" tests="1" name="com.obsqura.tests.ManageCategoryTest" time="17.985" errors="0" timestamp="2023-11-27T18:06:29 EST" skipped="0">
  <testcase classname="com.obsqura.tests.ManageCategoryTest" name="TestCategory" time="17.985"/>
</testsuite> <!-- com.obsqura.tests.ManageCategoryTest -->
