<?xml version="1.0" encoding="UTF-8"?>
<!-- Generated by org.testng.reporters.JUnitReportReporter -->
<testsuite hostname="LAPTOP-L3IGT96C" failures="0" tests="1" name="com.obsqura.tests.ListLocationTest" time="14.905" errors="0" timestamp="2023-10-26T20:33:14 EDT" skipped="0">
  <testcase classname="com.obsqura.tests.ListLocationTest" name="ListLocation" time="14.905"/>
</testsuite> <!-- com.obsqura.tests.ListLocationTest -->
