<?xml version="1.0" encoding="UTF-8"?>
<!-- Generated by org.testng.reporters.JUnitReportReporter -->
<testsuite hostname="LAPTOP-L3IGT96C" failures="0" tests="1" name="com.obsqura.tests.CreateDeleteExpenseTest" time="29.135" errors="0" timestamp="2023-11-26T16:26:00 EST" skipped="0">
  <testcase classname="com.obsqura.tests.CreateDeleteExpenseTest" name="ManageExpenseTest" time="29.135"/>
</testsuite> <!-- com.obsqura.tests.CreateDeleteExpenseTest -->
