<?xml version="1.0" encoding="UTF-8"?>
<!-- Generated by org.testng.reporters.JUnitReportReporter -->
<testsuite hostname="PQA-0591LT" failures="0" tests="1" name="Utilities.DateUtility" time="0.024" errors="0" timestamp="2023-10-04T22:45:39 EDT" skipped="0">
  <testcase classname="Utilities.DateUtility" name="getCurrentDate" time="0.024"/>
  <system-out/>
</testsuite> <!-- Utilities.DateUtility -->
