<?xml version="1.0" encoding="UTF-8"?>
<!-- Generated by org.testng.reporters.JUnitReportReporter -->
<testsuite hostname="LAPTOP-L3IGT96C" failures="0" tests="1" name="com.obsqura.tests.UpdatePaymentTest" time="12.726" errors="0" timestamp="2023-10-14T23:01:20 EDT" skipped="0">
  <testcase classname="com.obsqura.tests.UpdatePaymentTest" name="UpdateCreditPayment" time="12.726"/>
  <system-out/>
</testsuite> <!-- com.obsqura.tests.UpdatePaymentTest -->
