<?xml version="1.0" encoding="UTF-8"?>
<!-- Generated by org.testng.reporters.JUnitReportReporter -->
<testsuite hostname="LAPTOP-L3IGT96C" failures="0" tests="1" name="com.obsqura.tests.CreateNotificationAlertTest" time="11.894" errors="0" timestamp="2023-10-25T00:21:36 EDT" skipped="0">
  <testcase classname="com.obsqura.tests.CreateNotificationAlertTest" name="PushNotification" time="11.894"/>
</testsuite> <!-- com.obsqura.tests.CreateNotificationAlertTest -->
